<?xml version="1.0" encoding="UTF-8"?>
<!-- Generated by org.testng.reporters.JUnitXMLReporter -->
<testsuite ignored="0" hostname="5CG2224C40" failures="0" tests="5" name="Surefire test" time="76.611" errors="0" timestamp="2025-03-05T12:31:20 IST">
  <testcase classname="TestCases.LoginTests" name="BlankCredentialsTest" time="1.33"/>
  <testcase classname="TestCases.LoginTests" name="InvalidCredentialsTest" time="1.381"/>
  <testcase classname="TestCases.LoginTests" name="RegisterPatient" time="16.029"/>
  <testcase classname="TestCases.LoginTests" name="UpdatePatient" time="17.587"/>
  <testcase classname="TestCases.LoginTests" name="validCredentialsTest" time="3.86"/>
</testsuite> <!-- Surefire test -->
