<?xml version="1.0" encoding="UTF-8"?>
<testng-results ignored="0" total="5" passed="5" failed="0" skipped="0">
  <reporter-output>
  </reporter-output>
  <suite started-at="2025-03-05T12:30:04 IST" name="Surefire suite" finished-at="2025-03-05T12:31:20 IST" duration-ms="76611">
    <groups>
    </groups>
    <test started-at="2025-03-05T12:30:04 IST" name="Surefire test" finished-at="2025-03-05T12:31:20 IST" duration-ms="76611">
      <class name="TestCases.LoginTests">
        <test-method is-config="true" signature="setup()[pri:0, instance:TestCases.LoginTests@4d465b11]" started-at="2025-03-05T12:30:04 IST" name="setup" finished-at="2025-03-05T12:30:14 IST" duration-ms="9906" status="PASS">
          <reporter-output>
          </reporter-output>
        </test-method> <!-- setup -->
        <test-method signature="BlankCredentialsTest()[pri:0, instance:TestCases.LoginTests@4d465b11]" started-at="2025-03-05T12:30:14 IST" name="BlankCredentialsTest" finished-at="2025-03-05T12:30:15 IST" duration-ms="1330" status="PASS">
          <reporter-output>
          </reporter-output>
        </test-method> <!-- BlankCredentialsTest -->
        <test-method is-config="true" signature="close()[pri:0, instance:TestCases.LoginTests@4d465b11]" started-at="2025-03-05T12:30:15 IST" name="close" finished-at="2025-03-05T12:30:15 IST" duration-ms="144" status="PASS">
          <reporter-output>
          </reporter-output>
        </test-method> <!-- close -->
        <test-method is-config="true" signature="setup()[pri:0, instance:TestCases.LoginTests@4d465b11]" started-at="2025-03-05T12:30:15 IST" name="setup" finished-at="2025-03-05T12:30:22 IST" duration-ms="6608" status="PASS">
          <reporter-output>
          </reporter-output>
        </test-method> <!-- setup -->
        <test-method signature="InvalidCredentialsTest()[pri:0, instance:TestCases.LoginTests@4d465b11]" started-at="2025-03-05T12:30:22 IST" name="InvalidCredentialsTest" finished-at="2025-03-05T12:30:23 IST" duration-ms="1381" status="PASS">
          <reporter-output>
          </reporter-output>
        </test-method> <!-- InvalidCredentialsTest -->
        <test-method is-config="true" signature="close()[pri:0, instance:TestCases.LoginTests@4d465b11]" started-at="2025-03-05T12:30:23 IST" name="close" finished-at="2025-03-05T12:30:23 IST" duration-ms="131" status="PASS">
          <reporter-output>
          </reporter-output>
        </test-method> <!-- close -->
        <test-method is-config="true" signature="setup()[pri:0, instance:TestCases.LoginTests@4d465b11]" started-at="2025-03-05T12:30:23 IST" name="setup" finished-at="2025-03-05T12:30:29 IST" duration-ms="5941" status="PASS">
          <reporter-output>
          </reporter-output>
        </test-method> <!-- setup -->
        <test-method signature="RegisterPatient()[pri:0, instance:TestCases.LoginTests@4d465b11]" started-at="2025-03-05T12:30:29 IST" name="RegisterPatient" finished-at="2025-03-05T12:30:45 IST" duration-ms="16029" status="PASS">
          <reporter-output>
          </reporter-output>
        </test-method> <!-- RegisterPatient -->
        <test-method is-config="true" signature="close()[pri:0, instance:TestCases.LoginTests@4d465b11]" started-at="2025-03-05T12:30:45 IST" name="close" finished-at="2025-03-05T12:30:46 IST" duration-ms="235" status="PASS">
          <reporter-output>
          </reporter-output>
        </test-method> <!-- close -->
        <test-method is-config="true" signature="setup()[pri:0, instance:TestCases.LoginTests@4d465b11]" started-at="2025-03-05T12:30:46 IST" name="setup" finished-at="2025-03-05T12:30:52 IST" duration-ms="6415" status="PASS">
          <reporter-output>
          </reporter-output>
        </test-method> <!-- setup -->
        <test-method signature="UpdatePatient()[pri:0, instance:TestCases.LoginTests@4d465b11]" started-at="2025-03-05T12:30:52 IST" name="UpdatePatient" finished-at="2025-03-05T12:31:10 IST" duration-ms="17587" status="PASS">
          <reporter-output>
          </reporter-output>
        </test-method> <!-- UpdatePatient -->
        <test-method is-config="true" signature="close()[pri:0, instance:TestCases.LoginTests@4d465b11]" started-at="2025-03-05T12:31:10 IST" name="close" finished-at="2025-03-05T12:31:10 IST" duration-ms="214" status="PASS">
          <reporter-output>
          </reporter-output>
        </test-method> <!-- close -->
        <test-method is-config="true" signature="setup()[pri:0, instance:TestCases.LoginTests@4d465b11]" started-at="2025-03-05T12:31:10 IST" name="setup" finished-at="2025-03-05T12:31:16 IST" duration-ms="6415" status="PASS">
          <reporter-output>
          </reporter-output>
        </test-method> <!-- setup -->
        <test-method signature="validCredentialsTest()[pri:0, instance:TestCases.LoginTests@4d465b11]" started-at="2025-03-05T12:31:16 IST" name="validCredentialsTest" finished-at="2025-03-05T12:31:20 IST" duration-ms="3860" status="PASS">
          <reporter-output>
          </reporter-output>
        </test-method> <!-- validCredentialsTest -->
        <test-method is-config="true" signature="close()[pri:0, instance:TestCases.LoginTests@4d465b11]" started-at="2025-03-05T12:31:20 IST" name="close" finished-at="2025-03-05T12:31:20 IST" duration-ms="160" status="PASS">
          <reporter-output>
          </reporter-output>
        </test-method> <!-- close -->
      </class> <!-- TestCases.LoginTests -->
    </test> <!-- Surefire test -->
  </suite> <!-- Surefire suite -->
</testng-results>
