<?xml version="1.0" encoding="UTF-8"?>
<testng-results ignored="0" total="5" passed="5" failed="0" skipped="0">
  <reporter-output>
  </reporter-output>
  <suite started-at="2025-03-04T17:29:01 IST" name="Surefire suite" finished-at="2025-03-04T17:30:08 IST" duration-ms="66858">
    <groups>
    </groups>
    <test started-at="2025-03-04T17:29:01 IST" name="Surefire test" finished-at="2025-03-04T17:30:08 IST" duration-ms="66858">
      <class name="TestCases.LoginTests">
        <test-method is-config="true" signature="setup()[pri:0, instance:TestCases.LoginTests@3bf9ce3e]" started-at="2025-03-04T17:29:01 IST" name="setup" finished-at="2025-03-04T17:29:09 IST" duration-ms="7919" status="PASS">
          <reporter-output>
          </reporter-output>
        </test-method> <!-- setup -->
        <test-method signature="BlankCredentialsTest()[pri:0, instance:TestCases.LoginTests@3bf9ce3e]" started-at="2025-03-04T17:29:09 IST" name="BlankCredentialsTest" finished-at="2025-03-04T17:29:11 IST" duration-ms="1583" status="PASS">
          <reporter-output>
          </reporter-output>
        </test-method> <!-- BlankCredentialsTest -->
        <test-method is-config="true" signature="close()[pri:0, instance:TestCases.LoginTests@3bf9ce3e]" started-at="2025-03-04T17:29:11 IST" name="close" finished-at="2025-03-04T17:29:11 IST" duration-ms="171" status="PASS">
          <reporter-output>
          </reporter-output>
        </test-method> <!-- close -->
        <test-method is-config="true" signature="setup()[pri:0, instance:TestCases.LoginTests@3bf9ce3e]" started-at="2025-03-04T17:29:11 IST" name="setup" finished-at="2025-03-04T17:29:16 IST" duration-ms="5482" status="PASS">
          <reporter-output>
          </reporter-output>
        </test-method> <!-- setup -->
        <test-method signature="InvalidCredentialsTest()[pri:0, instance:TestCases.LoginTests@3bf9ce3e]" started-at="2025-03-04T17:29:16 IST" name="InvalidCredentialsTest" finished-at="2025-03-04T17:29:18 IST" duration-ms="1577" status="PASS">
          <reporter-output>
          </reporter-output>
        </test-method> <!-- InvalidCredentialsTest -->
        <test-method is-config="true" signature="close()[pri:0, instance:TestCases.LoginTests@3bf9ce3e]" started-at="2025-03-04T17:29:18 IST" name="close" finished-at="2025-03-04T17:29:18 IST" duration-ms="126" status="PASS">
          <reporter-output>
          </reporter-output>
        </test-method> <!-- close -->
        <test-method is-config="true" signature="setup()[pri:0, instance:TestCases.LoginTests@3bf9ce3e]" started-at="2025-03-04T17:29:18 IST" name="setup" finished-at="2025-03-04T17:29:23 IST" duration-ms="5247" status="PASS">
          <reporter-output>
          </reporter-output>
        </test-method> <!-- setup -->
        <test-method signature="RegisterPatient()[pri:0, instance:TestCases.LoginTests@3bf9ce3e]" started-at="2025-03-04T17:29:23 IST" name="RegisterPatient" finished-at="2025-03-04T17:29:38 IST" duration-ms="14414" status="PASS">
          <reporter-output>
          </reporter-output>
        </test-method> <!-- RegisterPatient -->
        <test-method is-config="true" signature="close()[pri:0, instance:TestCases.LoginTests@3bf9ce3e]" started-at="2025-03-04T17:29:38 IST" name="close" finished-at="2025-03-04T17:29:38 IST" duration-ms="211" status="PASS">
          <reporter-output>
          </reporter-output>
        </test-method> <!-- close -->
        <test-method is-config="true" signature="setup()[pri:0, instance:TestCases.LoginTests@3bf9ce3e]" started-at="2025-03-04T17:29:38 IST" name="setup" finished-at="2025-03-04T17:29:43 IST" duration-ms="5632" status="PASS">
          <reporter-output>
          </reporter-output>
        </test-method> <!-- setup -->
        <test-method signature="UpdatePatient()[pri:0, instance:TestCases.LoginTests@3bf9ce3e]" started-at="2025-03-04T17:29:43 IST" name="UpdatePatient" finished-at="2025-03-04T17:29:58 IST" duration-ms="14791" status="PASS">
          <reporter-output>
          </reporter-output>
        </test-method> <!-- UpdatePatient -->
        <test-method is-config="true" signature="close()[pri:0, instance:TestCases.LoginTests@3bf9ce3e]" started-at="2025-03-04T17:29:58 IST" name="close" finished-at="2025-03-04T17:29:58 IST" duration-ms="149" status="PASS">
          <reporter-output>
          </reporter-output>
        </test-method> <!-- close -->
        <test-method is-config="true" signature="setup()[pri:0, instance:TestCases.LoginTests@3bf9ce3e]" started-at="2025-03-04T17:29:58 IST" name="setup" finished-at="2025-03-04T17:30:04 IST" duration-ms="5420" status="PASS">
          <reporter-output>
          </reporter-output>
        </test-method> <!-- setup -->
        <test-method signature="validCredentialsTest()[pri:0, instance:TestCases.LoginTests@3bf9ce3e]" started-at="2025-03-04T17:30:04 IST" name="validCredentialsTest" finished-at="2025-03-04T17:30:08 IST" duration-ms="3777" status="PASS">
          <reporter-output>
          </reporter-output>
        </test-method> <!-- validCredentialsTest -->
        <test-method is-config="true" signature="close()[pri:0, instance:TestCases.LoginTests@3bf9ce3e]" started-at="2025-03-04T17:30:08 IST" name="close" finished-at="2025-03-04T17:30:08 IST" duration-ms="149" status="PASS">
          <reporter-output>
          </reporter-output>
        </test-method> <!-- close -->
      </class> <!-- TestCases.LoginTests -->
    </test> <!-- Surefire test -->
  </suite> <!-- Surefire suite -->
</testng-results>
